<?xml version="1.0" encoding="UTF-8"?>
<testsuite xmlns:xsi="http://www.w3.org/2001/XMLSchema-instance" xsi:noNamespaceSchemaLocation="https://maven.apache.org/surefire/maven-surefire-plugin/xsd/surefire-test-report-3.0.xsd" version="3.0" name="TestSuite" time="1.176" tests="15" errors="0" skipped="0" failures="0">
  <properties>
    <property name="java.specification.version" value="17"/>
    <property name="sun.cpu.isalist" value="amd64"/>
    <property name="sun.jnu.encoding" value="Cp1252"/>
    <property name="java.class.path" value="C:\Users\USHA PRAMOD\javaCode\TestNG_Sample_Project\target\test-classes;C:\Users\USHA PRAMOD\javaCode\TestNG_Sample_Project\target\classes;C:\Users\USHA PRAMOD\.m2\repository\org\testng\testng\7.7.0\testng-7.7.0.jar;C:\Users\USHA PRAMOD\.m2\repository\org\slf4j\slf4j-api\1.7.36\slf4j-api-1.7.36.jar;C:\Users\USHA PRAMOD\.m2\repository\com\beust\jcommander\1.82\jcommander-1.82.jar;C:\Users\USHA PRAMOD\.m2\repository\org\webjars\jquery\3.6.1\jquery-3.6.1.jar;"/>
    <property name="java.vm.vendor" value="Oracle Corporation"/>
    <property name="sun.arch.data.model" value="64"/>
    <property name="user.variant" value=""/>
    <property name="java.vendor.url" value="https://java.oracle.com/"/>
    <property name="user.timezone" value="Asia/Calcutta"/>
    <property name="os.name" value="Windows 11"/>
    <property name="java.vm.specification.version" value="17"/>
    <property name="sun.java.launcher" value="SUN_STANDARD"/>
    <property name="user.country" value="IN"/>
    <property name="sun.boot.library.path" value="C:\Program Files\jdk-17.0.13\bin"/>
    <property name="sun.java.command" value="C:\Users\USHA PRAMOD\AppData\Local\Temp\surefire2777691288488661263\surefirebooter16648322446948938492.jar C:\Users\USHA PRAMOD\AppData\Local\Temp\surefire2777691288488661263 2025-02-11T15-38-56_391-jvmRun1 surefire12867920615802660650tmp surefire_08560320689770807104tmp"/>
    <property name="jdk.debug" value="release"/>
    <property name="surefire.test.class.path" value="C:\Users\USHA PRAMOD\javaCode\TestNG_Sample_Project\target\test-classes;C:\Users\USHA PRAMOD\javaCode\TestNG_Sample_Project\target\classes;C:\Users\USHA PRAMOD\.m2\repository\org\testng\testng\7.7.0\testng-7.7.0.jar;C:\Users\USHA PRAMOD\.m2\repository\org\slf4j\slf4j-api\1.7.36\slf4j-api-1.7.36.jar;C:\Users\USHA PRAMOD\.m2\repository\com\beust\jcommander\1.82\jcommander-1.82.jar;C:\Users\USHA PRAMOD\.m2\repository\org\webjars\jquery\3.6.1\jquery-3.6.1.jar;"/>
    <property name="sun.cpu.endian" value="little"/>
    <property name="user.home" value="C:\Users\USHA PRAMOD"/>
    <property name="user.language" value="en"/>
    <property name="java.specification.vendor" value="Oracle Corporation"/>
    <property name="java.version.date" value="2024-10-15"/>
    <property name="java.home" value="C:\Program Files\jdk-17.0.13"/>
    <property name="file.separator" value="\"/>
    <property name="basedir" value="C:\Users\USHA PRAMOD\javaCode\TestNG_Sample_Project"/>
    <property name="java.vm.compressedOopsMode" value="32-bit"/>
    <property name="line.separator" value="&#10;"/>
    <property name="java.vm.specification.vendor" value="Oracle Corporation"/>
    <property name="java.specification.name" value="Java Platform API Specification"/>
    <property name="surefire.real.class.path" value="C:\Users\USHA PRAMOD\AppData\Local\Temp\surefire2777691288488661263\surefirebooter16648322446948938492.jar"/>
    <property name="user.script" value=""/>
    <property name="sun.management.compiler" value="HotSpot 64-Bit Tiered Compilers"/>
    <property name="java.runtime.version" value="17.0.13+10-LTS-268"/>
    <property name="user.name" value="USHA PRAMOD"/>
    <property name="path.separator" value=";"/>
    <property name="os.version" value="10.0"/>
    <property name="java.runtime.name" value="Java(TM) SE Runtime Environment"/>
    <property name="file.encoding" value="Cp1252"/>
    <property name="java.vm.name" value="Java HotSpot(TM) 64-Bit Server VM"/>
    <property name="localRepository" value="C:\Users\USHA PRAMOD\.m2\repository"/>
    <property name="java.vendor.url.bug" value="https://bugreport.java.com/bugreport/"/>
    <property name="java.io.tmpdir" value="C:\Users\USHA PRAMOD\AppData\Local\Temp\"/>
    <property name="java.version" value="17.0.13"/>
    <property name="user.dir" value="C:\Users\USHA PRAMOD\javaCode\TestNG_Sample_Project"/>
    <property name="os.arch" value="amd64"/>
    <property name="java.vm.specification.name" value="Java Virtual Machine Specification"/>
    <property name="sun.os.patch.level" value=""/>
    <property name="native.encoding" value="Cp1252"/>
    <property name="java.library.path" value="C:\Program Files\jdk-17.0.13\bin;C:\WINDOWS\Sun\Java\bin;C:\WINDOWS\system32;C:\WINDOWS;C:\Program Files\Common Files\Oracle\Java\javapath;C:\Program Files\Java\jdk1.8.0_202\bin;C:\Program Files\dotnet\;C:\WINDOWS\system32;C:\WINDOWS;C:\WINDOWS\System32\Wbem;C:\WINDOWS\System32\WindowsPowerShell\v1.0\;C:\WINDOWS\System32\OpenSSH\;C:\Program Files\Java\jdk-22\bin;C:\Program Files\Java\jdk-22\lib;%MAVEN_HOME%;C:\Users\USHA PRAMOD\AppData\Local\Android\Sdk\platform-tools;C:\Users\USHA PRAMOD\AppData\Local\Android\Sdk\tools;C:\Users\USHA PRAMOD\AppData\Local\Android\Sdk\build-tools;C:\Users\USHA PRAMOD\AppData\Roaming\npm;C:\Users\USHA PRAMOD\AppData\Local\Android\Sdk\platform-tools;C:\Users\USHA PRAMOD\AppData\Local\Android\Sdk\platforms;C:\Users\USHA PRAMOD\Downloads\emulator-windows_x64-11966546;C:\Program Files\nodejs\;C:\Program Files\Git\cmd;C:\Users\USHA PRAMOD\apache-maven-3.9.9-bin\apache-maven-3.9.9\bin;C:\Program Files\Common Files\Oracle\Java\javapath;C:\Program Files\Java\jdk1.8.0_202\bin;C:\Program Files\dotnet\;C:\WINDOWS\system32;C:\WINDOWS;C:\WINDOWS\System32\Wbem;C:\WINDOWS\System32\WindowsPowerShell\v1.0\;C:\WINDOWS\System32\OpenSSH\;C:\Program Files\Java\jdk-22\bin;C:\Program Files\Java\jdk-22\lib;C:\Users\USHA PRAMOD\apache-maven-3.9.9-bin\apache-maven-3.9.9;C:\Users\USHA PRAMOD\AppData\Local\Android\Sdk\platform-tools;C:\Users\USHA PRAMOD\AppData\Local\Android\Sdk\tools;C:\Users\USHA PRAMOD\AppData\Local\Android\Sdk\build-tools;C:\Users\USHA PRAMOD\AppData\Roaming\npm;C:\Users\USHA PRAMOD\AppData\Local\Android\Sdk\platforms;C:\Users\USHA PRAMOD\Downloads\emulator-windows_x64-11966546;C:\Program Files\nodejs\;C:\Program Files\Git\cmd;C:\Users\USHA PRAMOD\apache-maven-3.9.9-bin\apache-maven-3.9.9\bin;C:\Users\USHA PRAMOD\AppData\Local\Microsoft\WindowsApps;C:\Program Files\JetBrains\PyCharm 2022.3.1\bin;;C:\Program Files\JetBrains\IntelliJ IDEA 2021.3\bin;C:\platform-tools;&quot;C:\Users\USHA PRAMOD\apache-maven-3.9.9-bin\apache-maven-3.9;C:\Users\USHA PRAMOD\AppData\Local\Microsoft\WindowsApps;."/>
    <property name="java.vm.info" value="mixed mode, sharing"/>
    <property name="java.vendor" value="Oracle Corporation"/>
    <property name="java.vm.version" value="17.0.13+10-LTS-268"/>
    <property name="java.specification.maintenance.version" value="1"/>
    <property name="sun.io.unicode.encoding" value="UnicodeLittle"/>
    <property name="java.class.version" value="61.0"/>
  </properties>
  <testcase name="testCase1" classname="TestNg.OrderOfExecutionTestScript2" time="0.004">
    <system-out><![CDATA[Before Suite - Runs once before the entire test suite
Before Suite - Runs once before the entire test suite
Before Class - Runs once before all test methods in this class
Before Class - Runs once before all test methods in this class
Before Method - Runs before each @Test method
Before Method - Runs before each @Test method
Test Case 1 - Running
Test Case 1 - Running
Product added to cart.
]]></system-out>
    <system-err><![CDATA[SLF4J: Failed to load class "org.slf4j.impl.StaticLoggerBinder".
SLF4J: Defaulting to no-operation (NOP) logger implementation
SLF4J: See http://www.slf4j.org/codes.html#StaticLoggerBinder for further details.
]]></system-err>
  </testcase>
  <testcase name="testCase2" classname="TestNg.OrderOfExecutionTestScript2" time="0.006">
    <system-out><![CDATA[After Method - Runs after each @Test method
After Method - Runs after each @Test method
Before Method - Runs before each @Test method
Test Case 2 - Running
]]></system-out>
  </testcase>
  <testcase name="testCase3" classname="TestNg.OrderOfExecutionTestScript2" time="0.002">
    <system-out><![CDATA[Test Case 3 - Running
]]></system-out>
  </testcase>
  <testcase name="testCase4" classname="TestNg.OrderOfExecutionTestScript2" time="0.002">
    <system-out><![CDATA[Test Case 4 - Running
]]></system-out>
  </testcase>
  <testcase name="testAddToCart" classname="TestNg.EcommerceTestGropsExample" time="0.005"/>
  <testcase name="testCheckout" classname="TestNg.EcommerceTestGropsExample" time="0.007"/>
  <testcase name="testInvalidLogin" classname="TestNg.EcommerceTestGropsExample" time="0.011">
    <system-out><![CDATA[Before Method - Runs before each @Test method
Invalid login attempt.
]]></system-out>
  </testcase>
  <testcase name="testLogout" classname="TestNg.EcommerceTestGropsExample" time="0.009">
    <system-out><![CDATA[After Method - Runs after each @Test method
Before Method - Runs before each @Test method
User successfully logged out.
After Method - Runs after each @Test method
After Class - Runs once after all test methods in this class
]]></system-out>
  </testcase>
  <testcase name="testSearchProduct" classname="TestNg.EcommerceTestGropsExample" time="0.001">
    <system-out><![CDATA[After Method - Runs after each @Test method
After Class - Runs once after all test methods in this class
Product search successful.
]]></system-out>
  </testcase>
  <testcase name="testUserLogin" classname="TestNg.EcommerceTestGropsExample" time="0.003">
    <system-out><![CDATA[User successfully logged in.
]]></system-out>
  </testcase>
  <testcase name="testCase1" classname="TestNg.OrderOfExecutionTestScript" time="0.005"/>
  <testcase name="testCase2" classname="TestNg.OrderOfExecutionTestScript" time="0.001">
    <system-out><![CDATA[After Method - Runs after each @Test method
Before Method - Runs before each @Test method
Test Case 2 - Running
]]></system-out>
  </testcase>
  <testcase name="testCase3" classname="TestNg.OrderOfExecutionTestScript" time="0">
    <system-out><![CDATA[After Method - Runs after each @Test method
Before Method - Runs before each @Test method
Test Case 3 - Running
]]></system-out>
  </testcase>
  <testcase name="testCase4" classname="TestNg.OrderOfExecutionTestScript" time="0.008">
    <system-out><![CDATA[After Method - Runs after each @Test method
Before Method - Runs before each @Test method
Test Case 4 - Running
]]></system-out>
  </testcase>
  <testcase name="testCase5" classname="TestNg.OrderOfExecutionTestScript" time="0.007">
    <system-out><![CDATA[After Method - Runs after each @Test method
Before Method - Runs before each @Test method
Checkout process completed.
Test Case 5 - Running
]]></system-out>
  </testcase>
</testsuite>