<?xml version="1.0" encoding="UTF-8"?>
<!-- Generated by org.testng.reporters.JUnitReportReporter -->
<testsuite hostname="DESKTOP-3PMDTNC" failures="0" tests="3" name="TestNg.OrderOfExecutionTestScript" time="0.189" errors="0" timestamp="2025-02-11T16:41:05 IST" skipped="0">
  <testcase classname="TestNg.OrderOfExecutionTestScript" name="testCase3" time="0.019"/>
  <system-out/>
  <testcase classname="TestNg.OrderOfExecutionTestScript" name="testCase3" time="0.005"/>
  <system-out/>
  <testcase classname="TestNg.OrderOfExecutionTestScript" name="testCase3" time="0.165"/>
  <system-out/>
</testsuite> <!-- TestNg.OrderOfExecutionTestScript -->
