<?xml version="1.0" encoding="UTF-8"?>
<!-- Generated by org.testng.reporters.JUnitReportReporter -->
<testsuite hostname="DESKTOP-3PMDTNC" failures="0" tests="1" name="com.SwagLabs.slider" time="0.937" errors="0" timestamp="2025-02-21T09:01:59 IST" skipped="0">
  <testcase classname="com.SwagLabs.slider" name="slider" time="0.937"/>
  <system-out/>
</testsuite> <!-- com.SwagLabs.slider -->
