<?xml version="1.0" encoding="UTF-8"?>
<!-- Generated by org.testng.reporters.JUnitReportReporter -->
<testsuite hostname="DESKTOP-3PMDTNC" failures="0" tests="6" name="EcommerceTestGropsExample" time="0.058" errors="0" timestamp="2025-02-11T10:14:36 IST" skipped="0">
  <testcase classname="EcommerceTestGropsExample" name="testInvalidLogin" time="0.010"/>
  <system-out/>
  <testcase classname="EcommerceTestGropsExample" name="testUserLogin" time="0.011"/>
  <system-out/>
  <testcase classname="EcommerceTestGropsExample" name="testAddToCart" time="0.011"/>
  <system-out/>
  <testcase classname="EcommerceTestGropsExample" name="testLogout" time="0.011"/>
  <system-out/>
  <testcase classname="EcommerceTestGropsExample" name="testSearchProduct" time="0.007"/>
  <system-out/>
  <testcase classname="EcommerceTestGropsExample" name="testCheckout" time="0.008"/>
  <system-out/>
</testsuite> <!-- EcommerceTestGropsExample -->
