<?xml version="1.0" encoding="UTF-8"?>
<!-- Generated by org.testng.reporters.JUnitReportReporter -->
<testsuite hostname="DESKTOP-3PMDTNC" failures="0" tests="4" name="OrderOfExecutionTestScript" time="0.048" errors="0" timestamp="2025-02-11T10:14:36 IST" skipped="0">
  <testcase classname="OrderOfExecutionTestScript" name="testCase4" time="0.008"/>
  <system-out/>
  <testcase classname="OrderOfExecutionTestScript" name="testCase1" time="0.017"/>
  <system-out/>
  <testcase classname="OrderOfExecutionTestScript" name="testCase3" time="0.019"/>
  <system-out/>
  <testcase classname="OrderOfExecutionTestScript" name="testCase2" time="0.004"/>
  <system-out/>
</testsuite> <!-- OrderOfExecutionTestScript -->
