<?xml version="1.0" encoding="UTF-8"?>
<!-- Generated by org.testng.reporters.JUnitReportReporter -->
<testsuite hostname="DESKTOP-3PMDTNC" failures="0" tests="4" name="OrderOfExecutionTestScript2" time="0.045" errors="0" timestamp="2025-02-11T10:14:36 IST" skipped="0">
  <testcase classname="OrderOfExecutionTestScript2" name="testCase1" time="0.020"/>
  <system-out/>
  <testcase classname="OrderOfExecutionTestScript2" name="testCase4" time="0.006"/>
  <system-out/>
  <testcase classname="OrderOfExecutionTestScript2" name="testCase3" time="0.016"/>
  <system-out/>
  <testcase classname="OrderOfExecutionTestScript2" name="testCase2" time="0.003"/>
  <system-out/>
</testsuite> <!-- OrderOfExecutionTestScript2 -->
