<?xml version="1.0" encoding="UTF-8"?>
<!-- Generated by org.testng.reporters.JUnitReportReporter -->
<testsuite hostname="DESKTOP-3PMDTNC" failures="0" tests="20" name="com.SwagLabs.checkbox" time="33.699" errors="0" timestamp="2025-02-21T09:01:59 IST" skipped="0">
  <testcase classname="com.SwagLabs.checkbox" name="method6" time="0.226"/>
  <system-out/>
  <testcase classname="com.SwagLabs.checkbox" name="checkBox" time="3.111"/>
  <system-out/>
  <testcase classname="com.SwagLabs.checkbox" name="method7" time="0.082"/>
  <system-out/>
  <testcase classname="com.SwagLabs.checkbox" name="method8" time="0.063"/>
  <system-out/>
  <testcase classname="com.SwagLabs.checkbox" name="checkBox" time="3.771"/>
  <system-out/>
  <testcase classname="com.SwagLabs.checkbox" name="checkBox" time="3.103"/>
  <system-out/>
  <testcase classname="com.SwagLabs.checkbox" name="method3" time="0.010"/>
  <system-out/>
  <testcase classname="com.SwagLabs.checkbox" name="checkBox" time="3.058"/>
  <system-out/>
  <testcase classname="com.SwagLabs.checkbox" name="method10" time="0.046"/>
  <system-out/>
  <testcase classname="com.SwagLabs.checkbox" name="checkBox" time="3.101"/>
  <system-out/>
  <testcase classname="com.SwagLabs.checkbox" name="method4" time="0.324"/>
  <system-out/>
  <testcase classname="com.SwagLabs.checkbox" name="method9" time="0.010"/>
  <system-out/>
  <testcase classname="com.SwagLabs.checkbox" name="method2" time="0.086"/>
  <system-out/>
  <testcase classname="com.SwagLabs.checkbox" name="checkBox" time="3.065"/>
  <system-out/>
  <testcase classname="com.SwagLabs.checkbox" name="checkBox" time="3.056"/>
  <system-out/>
  <testcase classname="com.SwagLabs.checkbox" name="method5" time="0.021"/>
  <system-out/>
  <testcase classname="com.SwagLabs.checkbox" name="method1" time="0.033"/>
  <system-out/>
  <testcase classname="com.SwagLabs.checkbox" name="checkBox" time="3.753"/>
  <system-out/>
  <testcase classname="com.SwagLabs.checkbox" name="checkBox" time="3.701"/>
  <system-out/>
  <testcase classname="com.SwagLabs.checkbox" name="checkBox" time="3.079"/>
  <system-out/>
</testsuite> <!-- com.SwagLabs.checkbox -->
