<?xml version="1.0" encoding="UTF-8"?>
<!-- Generated by org.testng.reporters.JUnitReportReporter -->
<testsuite hostname="DESKTOP-3PMDTNC" failures="0" tests="1" name="TestNg.OpenEmptyFirefoxTest" time="10.584" errors="0" timestamp="2025-02-13T12:59:16 IST" skipped="0">
  <testcase classname="TestNg.OpenEmptyFirefoxTest" name="openEmptyBrowser" time="10.584"/>
  <system-out/>
</testsuite> <!-- TestNg.OpenEmptyFirefoxTest -->
