<?xml version="1.0" encoding="UTF-8"?>
<!-- Generated by org.testng.reporters.JUnitReportReporter -->
<testsuite hostname="DESKTOP-3PMDTNC" failures="0" tests="4" name="TestNg.OrderOfExecutionTestScript2" time="0.150" errors="0" timestamp="2025-02-11T16:41:05 IST" skipped="0">
  <testcase classname="TestNg.OrderOfExecutionTestScript2" name="testCase4" time="0.036"/>
  <system-out/>
  <testcase classname="TestNg.OrderOfExecutionTestScript2" name="testCase2" time="0.043"/>
  <system-out/>
  <testcase classname="TestNg.OrderOfExecutionTestScript2" name="testCase1" time="0.031"/>
  <system-out/>
  <testcase classname="TestNg.OrderOfExecutionTestScript2" name="testCase3" time="0.040"/>
  <system-out/>
</testsuite> <!-- TestNg.OrderOfExecutionTestScript2 -->
