<?xml version="1.0" encoding="UTF-8"?>
<!-- Generated by org.testng.reporters.JUnitReportReporter -->
<testsuite hostname="DESKTOP-3PMDTNC" failures="0" tests="1" name="com.SwagLabs.dropDown" time="1.918" errors="0" timestamp="2025-02-20T13:08:20 IST" skipped="0">
  <testcase classname="com.SwagLabs.dropDown" name="checkDropDownFunctionality" time="1.918"/>
  <system-out/>
</testsuite> <!-- com.SwagLabs.dropDown -->
