<?xml version="1.0" encoding="UTF-8"?>
<!-- Generated by org.testng.reporters.JUnitReportReporter -->
<testsuite hostname="DESKTOP-3PMDTNC" failures="0" tests="6" name="TestNg.EcommerceTestGropsExample" time="0.047" errors="0" timestamp="2025-02-11T15:38:58 IST" skipped="0">
  <testcase classname="TestNg.EcommerceTestGropsExample" name="testSearchProduct" time="0.003"/>
  <system-out/>
  <testcase classname="TestNg.EcommerceTestGropsExample" name="testUserLogin" time="0.001"/>
  <system-out/>
  <testcase classname="TestNg.EcommerceTestGropsExample" name="testLogout" time="0.005"/>
  <system-out/>
  <testcase classname="TestNg.EcommerceTestGropsExample" name="testCheckout" time="0.034"/>
  <system-out/>
  <testcase classname="TestNg.EcommerceTestGropsExample" name="testAddToCart" time="0.003"/>
  <system-out/>
  <testcase classname="TestNg.EcommerceTestGropsExample" name="testInvalidLogin" time="0.001"/>
  <system-out/>
</testsuite> <!-- TestNg.EcommerceTestGropsExample -->
