<?xml version="1.0" encoding="UTF-8"?>
<!-- Generated by org.testng.reporters.JUnitReportReporter -->
<testsuite hostname="DESKTOP-3PMDTNC" failures="0" tests="5" name="TestNg.OrderOfExecutionTestScript" time="0.033" errors="0" timestamp="2025-02-11T15:38:58 IST" skipped="0">
  <testcase classname="TestNg.OrderOfExecutionTestScript" name="testCase3" time="0.006"/>
  <system-out/>
  <testcase classname="TestNg.OrderOfExecutionTestScript" name="testCase1" time="0.014"/>
  <system-out/>
  <testcase classname="TestNg.OrderOfExecutionTestScript" name="testCase2" time="0.007"/>
  <system-out/>
  <testcase classname="TestNg.OrderOfExecutionTestScript" name="testCase4" time="0.003"/>
  <system-out/>
  <testcase classname="TestNg.OrderOfExecutionTestScript" name="testCase5" time="0.003"/>
  <system-out/>
</testsuite> <!-- TestNg.OrderOfExecutionTestScript -->
