<?xml version="1.0" encoding="UTF-8"?>
<!-- Generated by org.testng.reporters.JUnitReportReporter -->
<testsuite hostname="DESKTOP-3PMDTNC" failures="0" tests="4" name="TestNg.OrderOfExecutionTestScript2" time="0.022" errors="0" timestamp="2025-02-11T15:38:58 IST" skipped="0">
  <testcase classname="TestNg.OrderOfExecutionTestScript2" name="testCase1" time="0.005"/>
  <system-out/>
  <testcase classname="TestNg.OrderOfExecutionTestScript2" name="testCase3" time="0.004"/>
  <system-out/>
  <testcase classname="TestNg.OrderOfExecutionTestScript2" name="testCase2" time="0.003"/>
  <system-out/>
  <testcase classname="TestNg.OrderOfExecutionTestScript2" name="testCase4" time="0.010"/>
  <system-out/>
</testsuite> <!-- TestNg.OrderOfExecutionTestScript2 -->
